mode: set
github.com/anassstya/vkbot/internal/handler/handler.go:22.72,28.2 1 1
github.com/anassstya/vkbot/internal/handler/handler.go:30.74,31.62 1 1
github.com/anassstya/vkbot/internal/handler/handler.go:31.62,33.3 1 1
github.com/anassstya/vkbot/internal/handler/handler.go:35.2,40.4 1 1
github.com/anassstya/vkbot/internal/handler/handler.go:43.93,51.2 1 1
github.com/anassstya/vkbot/internal/handler/handler.go:53.62,56.9 3 1
github.com/anassstya/vkbot/internal/handler/handler.go:56.9,60.3 3 1
github.com/anassstya/vkbot/internal/handler/handler.go:61.2,63.13 2 1
github.com/anassstya/vkbot/internal/handler/handler.go:66.83,69.24 2 1
github.com/anassstya/vkbot/internal/handler/handler.go:69.24,71.3 1 1
github.com/anassstya/vkbot/internal/handler/session.go:39.87,46.2 1 1
github.com/anassstya/vkbot/internal/handler/session.go:47.60,48.20 1 1
github.com/anassstya/vkbot/internal/handler/session.go:49.17,50.30 1 1
github.com/anassstya/vkbot/internal/handler/session.go:51.18,52.31 1 1
github.com/anassstya/vkbot/internal/handler/session.go:53.10,54.108 1 0
github.com/anassstya/vkbot/internal/handler/session.go:58.67,60.16 2 1
github.com/anassstya/vkbot/internal/handler/session.go:60.16,62.3 1 0
github.com/anassstya/vkbot/internal/handler/session.go:64.2,64.26 1 1
github.com/anassstya/vkbot/internal/handler/session.go:64.26,65.24 1 1
github.com/anassstya/vkbot/internal/handler/session.go:65.24,69.4 3 1
github.com/anassstya/vkbot/internal/handler/session.go:71.3,71.35 1 1
github.com/anassstya/vkbot/internal/handler/session.go:71.35,74.4 2 0
github.com/anassstya/vkbot/internal/handler/session.go:76.3,77.9 2 1
github.com/anassstya/vkbot/internal/handler/session.go:80.2,80.14 1 1
github.com/anassstya/vkbot/internal/handler/session.go:81.16,85.103 3 1
github.com/anassstya/vkbot/internal/handler/session.go:85.103,98.4 3 1
github.com/anassstya/vkbot/internal/handler/session.go:100.3,108.4 1 0
github.com/anassstya/vkbot/internal/handler/session.go:110.15,111.32 1 1
github.com/anassstya/vkbot/internal/handler/session.go:113.16,114.45 1 1
github.com/anassstya/vkbot/internal/handler/session.go:116.20,117.43 1 1
github.com/anassstya/vkbot/internal/handler/session.go:119.18,120.39 1 1
github.com/anassstya/vkbot/internal/handler/session.go:122.22,123.45 1 0
github.com/anassstya/vkbot/internal/handler/session.go:125.17,126.34 1 0
github.com/anassstya/vkbot/internal/handler/session.go:130.80,131.17 1 1
github.com/anassstya/vkbot/internal/handler/session.go:132.25,135.80 3 1
github.com/anassstya/vkbot/internal/handler/session.go:137.31,155.4 3 0
github.com/anassstya/vkbot/internal/handler/session.go:157.51,159.17 2 1
github.com/anassstya/vkbot/internal/handler/session.go:159.17,162.4 2 1
github.com/anassstya/vkbot/internal/handler/session.go:164.3,164.27 1 1
github.com/anassstya/vkbot/internal/handler/session.go:164.27,167.4 2 1
github.com/anassstya/vkbot/internal/handler/session.go:169.3,169.40 1 0
github.com/anassstya/vkbot/internal/handler/session.go:169.40,171.4 1 0
github.com/anassstya/vkbot/internal/handler/session.go:171.9,173.4 1 0
github.com/anassstya/vkbot/internal/handler/session.go:175.3,176.34 2 0
github.com/anassstya/vkbot/internal/handler/session.go:178.24,180.17 2 0
github.com/anassstya/vkbot/internal/handler/session.go:180.17,183.4 2 0
github.com/anassstya/vkbot/internal/handler/session.go:185.3,188.23 3 0
github.com/anassstya/vkbot/internal/handler/session.go:188.23,190.4 1 0
github.com/anassstya/vkbot/internal/handler/session.go:192.3,192.72 1 0
github.com/anassstya/vkbot/internal/handler/session.go:192.72,194.4 1 0
github.com/anassstya/vkbot/internal/handler/session.go:196.3,198.34 3 0
github.com/anassstya/vkbot/internal/handler/session.go:200.10,201.123 1 0
github.com/anassstya/vkbot/internal/handler/session.go:205.68,206.44 1 1
github.com/anassstya/vkbot/internal/handler/session.go:206.44,209.17 3 1
github.com/anassstya/vkbot/internal/handler/session.go:209.17,212.4 2 0
github.com/anassstya/vkbot/internal/handler/session.go:214.3,214.82 1 1
github.com/anassstya/vkbot/internal/handler/session.go:214.82,216.4 1 0
github.com/anassstya/vkbot/internal/handler/session.go:218.3,229.9 6 1
github.com/anassstya/vkbot/internal/handler/session.go:232.2,232.20 1 1
github.com/anassstya/vkbot/internal/handler/session.go:233.23,234.78 1 1
github.com/anassstya/vkbot/internal/handler/session.go:234.78,236.4 1 0
github.com/anassstya/vkbot/internal/handler/session.go:238.3,251.4 2 1
github.com/anassstya/vkbot/internal/handler/session.go:253.20,254.75 1 0
github.com/anassstya/vkbot/internal/handler/session.go:254.75,256.4 1 0
github.com/anassstya/vkbot/internal/handler/session.go:257.3,257.160 1 0
github.com/anassstya/vkbot/internal/handler/session.go:259.17,260.63 1 0
github.com/anassstya/vkbot/internal/handler/session.go:261.24,262.86 1 0
github.com/anassstya/vkbot/internal/handler/session.go:263.21,264.77 1 0
github.com/anassstya/vkbot/internal/handler/session.go:265.25,266.89 1 0
github.com/anassstya/vkbot/internal/handler/session.go:268.21,269.91 1 0
github.com/anassstya/vkbot/internal/handler/session.go:270.23,271.93 1 0
github.com/anassstya/vkbot/internal/handler/session.go:273.141,274.40 1 1
github.com/anassstya/vkbot/internal/handler/session.go:274.40,276.4 1 1
github.com/anassstya/vkbot/internal/handler/session.go:278.3,278.21 1 1
github.com/anassstya/vkbot/internal/handler/session.go:279.30,280.39 1 1
github.com/anassstya/vkbot/internal/handler/session.go:281.37,282.46 1 0
github.com/anassstya/vkbot/internal/handler/session.go:283.34,284.43 1 0
github.com/anassstya/vkbot/internal/handler/session.go:285.38,286.47 1 0
github.com/anassstya/vkbot/internal/handler/session.go:287.31,288.40 1 0
github.com/anassstya/vkbot/internal/handler/session.go:291.3,300.5 3 1
github.com/anassstya/vkbot/internal/handler/session.go:302.88,303.36 1 1
github.com/anassstya/vkbot/internal/handler/session.go:303.36,305.4 1 0
github.com/anassstya/vkbot/internal/handler/session.go:307.3,307.21 1 1
github.com/anassstya/vkbot/internal/handler/session.go:308.36,309.39 1 1
github.com/anassstya/vkbot/internal/handler/session.go:310.34,311.37 1 0
github.com/anassstya/vkbot/internal/handler/session.go:312.33,313.36 1 0
github.com/anassstya/vkbot/internal/handler/session.go:316.3,326.5 3 1
github.com/anassstya/vkbot/internal/handler/session.go:328.61,329.46 1 1
github.com/anassstya/vkbot/internal/handler/session.go:329.46,331.4 1 0
github.com/anassstya/vkbot/internal/handler/session.go:333.3,333.21 1 1
github.com/anassstya/vkbot/internal/handler/session.go:334.34,339.107 4 0
github.com/anassstya/vkbot/internal/handler/session.go:341.35,354.6 4 1
github.com/anassstya/vkbot/internal/handler/session.go:357.72,358.40 1 1
github.com/anassstya/vkbot/internal/handler/session.go:358.40,360.4 1 0
github.com/anassstya/vkbot/internal/handler/session.go:362.3,362.21 1 1
github.com/anassstya/vkbot/internal/handler/session.go:363.29,372.5 4 0
github.com/anassstya/vkbot/internal/handler/session.go:374.28,383.5 4 1
github.com/anassstya/vkbot/internal/handler/session.go:385.30,390.220 4 0
github.com/anassstya/vkbot/internal/handler/session.go:393.55,394.34 1 1
github.com/anassstya/vkbot/internal/handler/session.go:394.34,396.4 1 0
github.com/anassstya/vkbot/internal/handler/session.go:398.3,398.21 1 1
github.com/anassstya/vkbot/internal/handler/session.go:399.32,400.74 1 1
github.com/anassstya/vkbot/internal/handler/session.go:400.74,404.5 3 0
github.com/anassstya/vkbot/internal/handler/session.go:406.4,407.18 2 1
github.com/anassstya/vkbot/internal/handler/session.go:409.31,411.152 2 1
github.com/anassstya/vkbot/internal/handler/session.go:416.77,418.16 2 1
github.com/anassstya/vkbot/internal/handler/session.go:418.16,421.3 2 0
github.com/anassstya/vkbot/internal/handler/session.go:423.2,423.21 1 1
github.com/anassstya/vkbot/internal/handler/session.go:423.21,426.3 2 1
github.com/anassstya/vkbot/internal/handler/session.go:428.2,428.26 1 1
github.com/anassstya/vkbot/internal/handler/session.go:428.26,431.3 2 0
github.com/anassstya/vkbot/internal/handler/session.go:433.2,435.79 3 1
github.com/anassstya/vkbot/internal/handler/session.go:438.93,440.16 2 0
github.com/anassstya/vkbot/internal/handler/session.go:440.16,443.3 2 0
github.com/anassstya/vkbot/internal/handler/session.go:445.2,447.62 2 0
github.com/anassstya/vkbot/internal/handler/session.go:447.62,450.3 2 0
github.com/anassstya/vkbot/internal/handler/session.go:452.2,452.12 1 0
github.com/anassstya/vkbot/internal/handler/session.go:452.12,455.3 2 0
github.com/anassstya/vkbot/internal/handler/session.go:457.2,465.3 2 0
github.com/anassstya/vkbot/internal/handler/session.go:468.100,469.66 1 0
github.com/anassstya/vkbot/internal/handler/session.go:469.66,471.3 1 0
github.com/anassstya/vkbot/internal/handler/session.go:473.2,476.16 3 0
github.com/anassstya/vkbot/internal/handler/session.go:476.16,479.3 2 0
github.com/anassstya/vkbot/internal/handler/session.go:481.2,486.66 4 0
github.com/anassstya/vkbot/internal/handler/session.go:486.66,488.3 1 0
github.com/anassstya/vkbot/internal/handler/session.go:491.64,493.16 2 1
github.com/anassstya/vkbot/internal/handler/session.go:493.16,496.3 2 0
github.com/anassstya/vkbot/internal/handler/session.go:498.2,498.14 1 1
github.com/anassstya/vkbot/internal/handler/session.go:499.18,507.36 2 0
github.com/anassstya/vkbot/internal/handler/session.go:507.36,509.4 1 0
github.com/anassstya/vkbot/internal/handler/session.go:511.15,520.36 2 1
github.com/anassstya/vkbot/internal/handler/session.go:520.36,522.4 1 1
github.com/anassstya/vkbot/internal/handler/session.go:524.10,526.36 2 0
github.com/anassstya/vkbot/internal/handler/session.go:526.36,528.4 1 0
github.com/anassstya/vkbot/internal/handler/session.go:532.77,534.16 2 0
github.com/anassstya/vkbot/internal/handler/session.go:534.16,537.3 2 0
github.com/anassstya/vkbot/internal/handler/session.go:539.2,539.24 1 0
github.com/anassstya/vkbot/internal/handler/session.go:539.24,540.132 1 0
github.com/anassstya/vkbot/internal/handler/session.go:540.132,542.4 1 0
github.com/anassstya/vkbot/internal/handler/session.go:543.3,543.9 1 0
github.com/anassstya/vkbot/internal/handler/session.go:546.2,557.3 1 0
github.com/anassstya/vkbot/internal/handler/session.go:560.66,562.16 2 0
github.com/anassstya/vkbot/internal/handler/session.go:562.16,565.3 2 0
github.com/anassstya/vkbot/internal/handler/session.go:567.2,567.21 1 0
github.com/anassstya/vkbot/internal/handler/session.go:567.21,570.3 2 0
github.com/anassstya/vkbot/internal/handler/session.go:572.2,573.16 2 0
github.com/anassstya/vkbot/internal/handler/session.go:573.16,577.3 3 0
github.com/anassstya/vkbot/internal/handler/session.go:579.2,582.27 3 0
github.com/anassstya/vkbot/internal/handler/session.go:582.27,588.3 2 0
github.com/anassstya/vkbot/internal/handler/session.go:590.2,590.37 1 0
github.com/anassstya/vkbot/internal/handler/session.go:593.75,595.16 2 1
github.com/anassstya/vkbot/internal/handler/session.go:595.16,598.3 2 0
github.com/anassstya/vkbot/internal/handler/session.go:600.2,600.21 1 1
github.com/anassstya/vkbot/internal/handler/session.go:600.21,603.3 2 0
github.com/anassstya/vkbot/internal/handler/session.go:605.2,606.16 2 1
github.com/anassstya/vkbot/internal/handler/session.go:606.16,609.3 2 0
github.com/anassstya/vkbot/internal/handler/session.go:611.2,611.29 1 1
github.com/anassstya/vkbot/internal/handler/session.go:611.29,614.3 2 0
github.com/anassstya/vkbot/internal/handler/session.go:616.2,619.45 3 1
github.com/anassstya/vkbot/internal/handler/session.go:619.45,625.72 5 1
github.com/anassstya/vkbot/internal/handler/session.go:625.72,627.4 1 0
github.com/anassstya/vkbot/internal/handler/session.go:629.3,629.39 1 1
github.com/anassstya/vkbot/internal/handler/session.go:629.39,630.38 1 1
github.com/anassstya/vkbot/internal/handler/session.go:630.38,632.5 1 0
github.com/anassstya/vkbot/internal/handler/session.go:633.4,633.36 1 1
github.com/anassstya/vkbot/internal/handler/session.go:633.36,635.5 1 0
github.com/anassstya/vkbot/internal/handler/session.go:638.3,638.46 1 1
github.com/anassstya/vkbot/internal/handler/session.go:638.46,640.4 1 0
github.com/anassstya/vkbot/internal/handler/session.go:642.3,642.42 1 1
github.com/anassstya/vkbot/internal/handler/session.go:642.42,644.4 1 0
github.com/anassstya/vkbot/internal/handler/session.go:646.3,646.28 1 1
github.com/anassstya/vkbot/internal/handler/session.go:649.2,649.38 1 1
github.com/anassstya/vkbot/internal/handler/session.go:652.71,654.16 2 1
github.com/anassstya/vkbot/internal/handler/session.go:654.16,657.3 2 0
github.com/anassstya/vkbot/internal/handler/session.go:659.2,669.26 3 1
github.com/anassstya/vkbot/internal/handler/session.go:672.104,673.30 1 1
github.com/anassstya/vkbot/internal/handler/session.go:673.30,684.3 2 1
github.com/anassstya/vkbot/internal/handler/session.go:686.2,686.31 1 0
github.com/anassstya/vkbot/internal/handler/session.go:686.31,698.3 2 0
github.com/anassstya/vkbot/internal/handler/session.go:700.2,700.91 1 0
github.com/anassstya/vkbot/internal/handler/session.go:703.32,706.2 2 1
github.com/anassstya/vkbot/internal/handler/session.go:708.56,718.32 8 0
github.com/anassstya/vkbot/internal/handler/session.go:718.32,721.3 2 0
github.com/anassstya/vkbot/internal/handler/session.go:723.2,723.33 1 0
github.com/anassstya/vkbot/internal/handler/session.go:723.33,727.3 3 0
github.com/anassstya/vkbot/internal/handler/session.go:729.2,736.4 2 0
github.com/anassstya/vkbot/internal/handler/session.go:739.49,741.35 2 1
github.com/anassstya/vkbot/internal/handler/session.go:741.35,743.3 1 1
github.com/anassstya/vkbot/internal/handler/session.go:746.86,749.30 2 1
github.com/anassstya/vkbot/internal/handler/session.go:749.30,751.3 1 1
github.com/anassstya/vkbot/internal/handler/session.go:753.2,754.35 2 1
github.com/anassstya/vkbot/internal/handler/session.go:754.35,756.3 1 1
github.com/anassstya/vkbot/internal/handler/session.go:759.66,763.38 3 1
github.com/anassstya/vkbot/internal/handler/session.go:763.38,765.3 1 1
github.com/anassstya/vkbot/internal/handler/ui.go:9.86,12.30 2 0
github.com/anassstya/vkbot/internal/handler/ui.go:12.30,14.3 1 0
github.com/anassstya/vkbot/internal/handler/ui.go:16.2,18.35 2 0
github.com/anassstya/vkbot/internal/handler/ui.go:18.35,20.3 1 0
github.com/anassstya/vkbot/internal/handler/ui.go:23.66,27.38 3 0
github.com/anassstya/vkbot/internal/handler/ui.go:27.38,29.3 1 0
github.com/anassstya/vkbot/internal/handler/ui.go:32.67,33.16 1 1
github.com/anassstya/vkbot/internal/handler/ui.go:34.13,35.29 1 0
github.com/anassstya/vkbot/internal/handler/ui.go:36.14,37.28 1 0
github.com/anassstya/vkbot/internal/handler/ui.go:38.16,39.28 1 1
github.com/anassstya/vkbot/internal/handler/ui.go:42.2,42.14 1 1
github.com/anassstya/vkbot/internal/handler/ui.go:43.13,44.31 1 0
github.com/anassstya/vkbot/internal/handler/ui.go:45.12,46.25 1 1
github.com/anassstya/vkbot/internal/handler/ui.go:47.16,48.26 1 0
github.com/anassstya/vkbot/internal/handler/ui.go:49.20,50.50 1 0
github.com/anassstya/vkbot/internal/handler/ui.go:51.19,52.30 1 0
github.com/anassstya/vkbot/internal/handler/ui.go:55.2,55.21 1 1
